<?xml version="1.0" encoding="UTF-8"?>
<!DOCTYPE xml>

<test-plan>
	<general-data>
		<base-uri>http://10.60.22.84</base-uri>
		<base-path>gimd-visualizers</base-path>
		<chrome-driver>webdriver.chrome.driver</chrome-driver>
		<chrome-driver-route>C:\\Users\\X46852CA\\Desktop\\ARCHIVOS\\CUCUMBER\\chromedriver.exe</chrome-driver-route>
		<explicit-wait>10</explicit-wait>
		<implicitly-wait>5</implicitly-wait>
		<access-button>//*[@id='divLogin']/div/fieldset/form/div[3]/button/span</access-button>
		<details-button>//*[@id="details-button"]</details-button>
		<link-url>//*[@id="proceed-link"]</link-url>
		<login-url>https://wlsykodes.sescam.jclm.es/gimd-ykonos-client/login</login-url> 
		<welcome-url>https://wlsykodes.sescam.jclm.es/gimd-ykonos-client/welcome</welcome-url> 
		<admission-url>https://wlsykodes.sescam.jclm.es/gimd-ykonos-client/admission/searchByPatient</admission-url>
		<user-name>/html/body/app-root/div/div/app-layout/div/div/div[1]/app-header/div[2]/div/div[2]</user-name>
		<user-rol>/html/body/app-root/div/div/app-layout/div/div/div[1]/app-header/div[2]/div/div[3]</user-rol>
		<user-specialty>/html/body/app-root/div/div/app-layout/div/div/div[1]/app-header/div[2]/div/div[4]</user-specialty>
		<user-center>/html/body/app-root/div/div/app-layout/div/div/div[1]/app-header/div[2]/div/div[6]</user-center>
		<history-url>https://wlsykodes.sescam.jclm.es/gimd-ykonos-client/history</history-url>
		<access-center-button>/html/body/app-root/div/div/app-welcome/div/p-fieldset/fieldset/div/div/div[2]/div[1]/p-button</access-center-button>
		<centers>/html/body/app-root/div/div/app-welcome/div/p-fieldset/fieldset/div/div/div[1]/div[4]/p-dropdown/div/span</centers>
		<dropdown-center>/html/body/app-root/div/div/app-welcome/div/p-fieldset/fieldset/div/div/div[1]/div[4]/p-dropdown/div/div[2]</dropdown-center>
		<center-selected>/html/body/app-root/div/div/app-welcome/div/p-fieldset/fieldset/div/div/div[1]/div[4]/p-dropdown/div/div[3]/div[2]/ul/p-dropdownitem[2]/li</center-selected>
		<select-center>/html/body/app-root/div/div/app-welcome/div/p-fieldset/fieldset/div/div/div[1]/div[4]/p-dropdown</select-center>
		<center>/html/body/app-root/div/div/app-welcome/div/p-fieldset/fieldset/div/div/div[1]/div[4]/p-dropdown/div/div[3]/div[2]/ul/p-dropdownitem[2]</center>
		<history-link>/html/body/app-root/div/div/app-layout/div/div/div[2]/div[1]/app-sidebar/p-menu/div/ul/li[3]/a</history-link>
		<history-class>p-menuitem-link-active</history-class>		
		<authentication>
			<credentials>
				<user-position>//*[@id='username']</user-position>
				<password-position>//*[@id='password']/div/input</password-position>
				<user>appimd03</user>
				<password>Imdykonos-1</password>
				<patient-name>jose</patient-name>
				<patient-surname>perez</patient-surname>
			</credentials>
			<error-messages>
				<position>/html/body/app-root/p-toast[2]/div/p-toastitem</position>
				<position-title>/html/body/app-root/p-toast[1]/div/p-toastitem/div/div/div/div[1]</position-title>
				<position-content>/html/body/app-root/p-toast[1]/div/p-toastitem/div/div/div/div[2]</position-content>
				<content>
					<incorrect-authentication-title>Error en la autenticación del usuario</incorrect-authentication-title>
					<incorrect-user>Usuario o contraseña incorrectos</incorrect-user>
					<user-not-address>El usuario no tiene asociada una dirección general.</user-not-address>
				</content>
			</error-messages>
		</authentication>
		<search-patients>
			<url>https://wlsykodes.sescam.jclm.es/gimd-ykonos-client/admission/searchByPatient</url>
			<cip>//*[@id="cip"]</cip>
			<name-searched>//*[@id="name"]</name-searched>
			<surname-searched>//*[@id="firstSurname"]</surname-searched>
			<second-surname-searched>/html/body/app-root/div/div/app-layout/div/div/div[2]/div[2]/app-patient-search/p-fieldset[1]/fieldset/div/div/form/div[2]/div[3]/input</second-surname-searched>
			<button>/html/body/app-root/div/div/app-layout/div/div/div[2]/div[2]/app-patient-search/p-fieldset[1]/fieldset/div/div/form/div[4]/p-button[1]</button>
			<patients-list>/html/body/app-root/div/div/app-layout/div/div/div[2]/div[2]/app-patient-search/p-fieldset[2]/fieldset</patients-list>
			<tr-patients-table>/html/body/app-root/div/div/app-layout/div/div/div[2]/div[2]/app-patient-search/p-fieldset[2]/fieldset/div/div/p-table/div/div[1]/table/tbody/tr</tr-patients-table>
			<search-result>/html/body/app-root/div/div/app-layout/div/div/div[2]/div/app-patient-search/p-fieldset[2]/fieldset/div/div/p-table/div/div[2]/div</search-result>
			<name-showed>/html/body/app-root/div/div/app-layout/div/div/div[2]/div[2]/app-patient-search/p-fieldset[2]/fieldset/div/div/p-table/div/div[1]/table/tbody/tr[2]/td[3]</name-showed>
			<surname-showed>/html/body/app-root/div/div/app-layout/div/div/div[2]/div[2]/app-patient-search/p-fieldset[2]/fieldset/div/div/p-table/div/div[1]/table/tbody/tr[1]/td[4]</surname-showed>
			<first-button>/html/body/app-root/div/div/app-layout/div/div/div[2]/div/app-patient-history/p-fieldset[2]/fieldset/div/div/div[2]/p-table/div/p-paginator/div/span/button[1]</first-button>
			<first-line-selected>/html/body/app-root/div/div/app-layout/div/div/div[2]/div/app-patient-search/p-fieldset[2]/fieldset/div/div/p-table/div/div[1]/table/tbody/tr[1]</first-line-selected>
			<first-line-selected-class>p-highlight</first-line-selected-class>
			<total-patients-found>/html/body/app-root/div/div/app-layout/div/div/div[2]/div/app-patient-search/p-fieldset[2]/fieldset/div/div/p-table/div/div[2]/div</total-patients-found>
			<total-patients-text>pacientes</total-patients-text>
			<order-up-patients-icon>/html/body/app-root/div/div/app-layout/div/div/div[2]/div/app-patient-search/p-fieldset[2]/fieldset/div/div/p-table/div/div[1]/table/thead/tr/th[1]/p-sorticon/i</order-up-patients-icon>
			<order-up-patients-icon-class>pi-sort-amount-up-alt</order-up-patients-icon-class>
			<paginator>/html/body/app-root/div/div/app-layout/div/div/div[2]/div[2]/app-patient-search/p-fieldset[2]/fieldset/div/div/p-table/div/p-paginator</paginator>
			<ten-patients-dropdown-paginator>/html/body/app-root/div/div/app-layout/div/div/div[2]/div[2]/app-patient-search/p-fieldset[2]/fieldset/div/div/p-table/div/p-paginator/div/p-dropdown/div/div[3]/div/ul/p-dropdownitem[1]</ten-patients-dropdown-paginator>
		</search-patients>
		<search-patient-history>
			<url>https://wlsykodes.sescam.jclm.es/gimd-ykonos-client/history/patientHistory</url> 
			<list>/html/body/app-root/div/div/app-layout/div/div/div[2]/div[2]/app-patient-history/p-fieldset[2]/fieldset/div</list>
			<tr-patient-studies-table>/html/body/app-root/div/div/app-layout/div/div/div[2]/div[2]/app-patient-history/p-fieldset[2]/fieldset/div/div/div[2]/p-table/div/div[1]/table/tbody/tr</tr-patient-studies-table>
			<first-line-selected>/html/body/app-root/div/div/app-layout/div/div/div[2]/div[2]/app-patient-history/p-fieldset[2]/fieldset/div/div/div[2]/p-table/div/div[1]/table/tbody/tr[1]</first-line-selected>
			<total-studies-found>/html/body/app-root/div/div/app-layout/div/div/div[2]/div[2]/app-patient-history/p-fieldset[2]/fieldset/div/div/div[2]/p-table/div/div[2]/div</total-studies-found>
			<total-studies-text>paciente</total-studies-text>
			<order-down-date-studies-icon>/html/body/app-root/div/div/app-layout/div/div/div[2]/div[2]/app-patient-history/p-fieldset[2]/fieldset/div/div/div[2]/p-table/div/div[1]/table/thead/tr/th[2]/p-sorticon/i</order-down-date-studies-icon>
			<order-down-date-studies-icon-class>pi-sort-amount-down</order-down-date-studies-icon-class>
			<reload-button>/html/body/app-root/div/div/app-layout/div/div/div[2]/div[2]/app-patient-history/p-fieldset[2]/fieldset/div/div/div[1]/p-button</reload-button>
			<dropdown>
				<paginator>/html/body/app-root/div/div/app-layout/div/div/div[2]/div[2]/app-patient-history/p-fieldset[2]/fieldset/div/div/div[2]/p-table/div/p-paginator/div/p-dropdown</paginator>
				<paginator-first-button>/html/body/app-root/div/div/app-layout/div/div/div[2]/div[2]/app-patient-history/p-fieldset[2]/fieldset/div/div/div[2]/p-table/div/p-paginator/div/button[1]</paginator-first-button>
				<paginator-last-button>/html/body/app-root/div/div/app-layout/div/div/div[2]/div[2]/app-patient-history/p-fieldset[2]/fieldset/div/div/div[2]/p-table/div/p-paginator/div/button[4]</paginator-last-button>
				<paginator-right-button>/html/body/app-root/div/div/app-layout/div/div/div[2]/div/app-patient-history/p-fieldset[2]/fieldset/div/div/div[2]/p-table/div/p-paginator/div/button[3]</paginator-right-button>
				<paginator-left-button>/html/body/app-root/div/div/app-layout/div/div/div[2]/div/app-patient-history/p-fieldset[2]/fieldset/div/div/div[2]/p-table/div/p-paginator/div/button[2]</paginator-left-button>
				<paginator-one-button>/html/body/app-root/div/div/app-layout/div/div/div[2]/div[2]/app-patient-history/p-fieldset[2]/fieldset/div/div/div[2]/p-table/div/p-paginator/div/span/button[1]</paginator-one-button>
				<list>/html/body/app-root/div/div/app-layout/div/div/div[2]/div[2]/app-patient-history/p-fieldset[2]/fieldset/div/div/div[2]/p-table/div/p-paginator/div/p-dropdown/div/div[3]/div/ul/p-dropdownitem</list>
				<list-class>p-dropdown-item</list-class>
				<paginator-selected-ten>/html/body/app-root/div/div/app-layout/div/div/div[2]/div/app-patient-history/p-fieldset[2]/fieldset/div/div/div[2]/p-table/div/p-paginator/div/p-dropdown/div/div[3]/div/ul/p-dropdownitem[2]/li</paginator-selected-ten>	
				<paginator-selected-fifteen>/html/body/app-root/div/div/app-layout/div/div/div[2]/div[2]/app-patient-history/p-fieldset[2]/fieldset/div/div/div[2]/p-table/div/p-paginator/div/p-dropdown/div/div[3]/div/ul/p-dropdownitem[3]/li</paginator-selected-fifteen>
			</dropdown>
		</search-patient-history>
	</general-data>
	<test-cases>
		<authentication-users-some-centers>GIMD_YKO-3:Autentificacion_UsuarioVariosCentros</authentication-users-some-centers>
		<search-patients-name-surname>GIMD_YKO-54:BusquedaPaciente_Nombre_PrimerApellido</search-patients-name-surname>
		<patients-list>
			<more-nine-registers>GIMD_YKO-261:ListadoPacientes_VariosPacientes_MasDeNueveRegistros</more-nine-registers>
			<select-patient-double-click>GIMD_YKO-333:ListadoPacientesHistorial_SeleccionPaciente_DobleClic</select-patient-double-click>
		</patients-list>
		<history-studies-list-more-six-register-paginator>
			<modify-ten>GIMD_YKO-345:ListadoEstudiosHistorial_VariosEstudios_MasdeSeisRegistros_ModificarPaginacion_diez</modify-ten>
			<modify-fifteen>GIMD_YKO-345:ListadoEstudiosHistorial_VariosEstudios_MasdeSeisRegistros_ModificarPaginacion_quince</modify-fifteen>
			<last-page>GIMD_YKO-345:ListadoEstudiosHistorial_VariosEstudios_MasdeSeisRegistros_UltimaPagina</last-page>
			<first-page>GIMD_YKO-345:ListadoEstudiosHistorial_VariosEstudios_MasdeSeisRegistros_PrimeraPagina</first-page>
			<right-page>GIMD_YKO-345:ListadoEstudiosHistorial_VariosEstudios_MasdeSeisRegistros_PaginaDerecha</right-page>
			<left-page>GIMD_YKO-345:ListadoEstudiosHistorial_VariosEstudios_MasdeSeisRegistros_PaginaIzquierda</left-page>
			<random-page>GIMD_YKO-345:ListadoEstudiosHistorial_VariosEstudios_MasdeSeisRegistros_PaginaAleatoria</random-page>
		</history-studies-list-more-six-register-paginator>
	</test-cases>
</test-plan>